<?xml version="1.0" encoding="UTF-8"?>
<!-- Generated by org.testng.reporters.JUnitXMLReporter -->
<testsuite ignored="7" hostname="Tom" failures="0" tests="4" name="Test" time="0.049" errors="0" timestamp="2024-01-27T15:12:50 IST">
  <testcase classname="com.MyStore.testCases.HomepageTestCase" name="@BeforeMethod setup" time="0.004">
    <failure type="java.lang.NullPointerException" message="Cannot invoke &amp;quot;java.util.Properties.getProperty(String)&amp;quot; because &amp;quot;com.MyStore.baseClass.BaseClass.properties&amp;quot; is null">
      <![CDATA[java.lang.NullPointerException: Cannot invoke "java.util.Properties.getProperty(String)" because "com.MyStore.baseClass.BaseClass.properties" is null
at com.MyStore.baseClass.BaseClass.launchApplication(BaseClass.java:50)
at com.MyStore.testCases.HomepageTestCase.setup(HomepageTestCase.java:22)
at java.base/java.util.ArrayList.forEach(ArrayList.java:1511)
... Removed 31 stack frames]]>
    </failure>
  </testcase> <!-- @BeforeMethod setup -->
  <testcase classname="com.MyStore.testCases.HomepageTestCase" name="@AfterMethod tearDown" time="-1.706348570431E9">
    <skipped/>
  </testcase> <!-- @AfterMethod tearDown -->
  <testcase classname="com.MyStore.testCases.SearchResultPageTestCase" name="@BeforeMethod setUp" time="0.0">
    <failure type="java.lang.NullPointerException" message="Cannot invoke &amp;quot;java.util.Properties.getProperty(String)&amp;quot; because &amp;quot;com.MyStore.baseClass.BaseClass.properties&amp;quot; is null">
      <![CDATA[java.lang.NullPointerException: Cannot invoke "java.util.Properties.getProperty(String)" because "com.MyStore.baseClass.BaseClass.properties" is null
at com.MyStore.baseClass.BaseClass.launchApplication(BaseClass.java:50)
at com.MyStore.testCases.SearchResultPageTestCase.setUp(SearchResultPageTestCase.java:25)
at java.base/java.util.ArrayList.forEach(ArrayList.java:1511)
... Removed 31 stack frames]]>
    </failure>
  </testcase> <!-- @BeforeMethod setUp -->
  <testcase classname="com.MyStore.testCases.SearchResultPageTestCase" name="@AfterMethod tearDown" time="-1.706348570439E9">
    <skipped/>
  </testcase> <!-- @AfterMethod tearDown -->
  <testcase classname="com.MyStore.testCases.IndexTestCase" name="@BeforeMethod setup" time="0.001">
    <failure type="java.lang.NullPointerException" message="Cannot invoke &amp;quot;java.util.Properties.getProperty(String)&amp;quot; because &amp;quot;com.MyStore.baseClass.BaseClass.properties&amp;quot; is null">
      <![CDATA[java.lang.NullPointerException: Cannot invoke "java.util.Properties.getProperty(String)" because "com.MyStore.baseClass.BaseClass.properties" is null
at com.MyStore.baseClass.BaseClass.launchApplication(BaseClass.java:50)
at com.MyStore.testCases.IndexTestCase.setup(IndexTestCase.java:19)
at java.base/java.util.ArrayList.forEach(ArrayList.java:1511)
... Removed 31 stack frames]]>
    </failure>
  </testcase> <!-- @BeforeMethod setup -->
  <testcase classname="com.MyStore.testCases.IndexTestCase" name="@AfterMethod tearDown" time="-1.706348570442E9">
    <skipped/>
  </testcase> <!-- @AfterMethod tearDown -->
  <testcase classname="com.MyStore.testCases.IndexTestCase" name="@BeforeMethod setup" time="-1.706348570443E9">
    <skipped/>
  </testcase> <!-- @BeforeMethod setup -->
  <testcase classname="com.MyStore.testCases.IndexTestCase" name="@AfterMethod tearDown" time="-1.706348570445E9">
    <skipped/>
  </testcase> <!-- @AfterMethod tearDown -->
  <testcase classname="com.MyStore.testCases.HomepageTestCase" name="oderHistoryTest" time="0.0">
    <skipped/>
  </testcase> <!-- oderHistoryTest -->
  <testcase classname="com.MyStore.testCases.SearchResultPageTestCase" name="productAvailabilityTest" time="0.0">
    <skipped/>
  </testcase> <!-- productAvailabilityTest -->
  <testcase classname="com.MyStore.testCases.IndexTestCase" name="validateLogo" time="0.0">
    <skipped/>
  </testcase> <!-- validateLogo -->
  <testcase classname="com.MyStore.testCases.IndexTestCase" name="verifyTitle" time="0.0">
    <skipped/>
  </testcase> <!-- verifyTitle -->
  <testcase classname="com.MyStore.testCases.AddToCartTestCase_MoreTC" name="addToCartTest" time="0.0">
    <ignored/>
  </testcase> <!-- addToCartTest -->
  <testcase classname="com.MyStore.testCases.OrderPageTestCase" name="verifyPriceTest" time="0.0">
    <ignored/>
  </testcase> <!-- verifyPriceTest -->
  <testcase classname="com.MyStore.testCases.EndToEndTest" name="endToendTest" time="0.0">
    <ignored/>
  </testcase> <!-- endToendTest -->
  <testcase classname="com.MyStore.testCases.LoginTestCase" name="loginTest" time="0.0">
    <ignored/>
  </testcase> <!-- loginTest -->
  <testcase classname="com.MyStore.testCases.MorepageTestCase" name="MorePageTest" time="0.0">
    <ignored/>
  </testcase> <!-- MorePageTest -->
  <testcase classname="com.MyStore.testCases.AccountCreationPageTestCase" name="verifyAccountCreationTest" time="0.0">
    <ignored/>
  </testcase> <!-- verifyAccountCreationTest -->
  <testcase classname="com.MyStore.testCases.HomepageTestCase" name="personalInformationTest" time="0.0">
    <ignored/>
  </testcase> <!-- personalInformationTest -->
</testsuite> <!-- Test -->
